<?xml version="1.0" encoding="UTF-8"?>
<robot generator="Robot 3.2.2 (Python 3.9.1 on win32)" generated="20230306 12:40:16.137" rpa="false">
<suite id="s1" name="Saucedemo" source="G:\Python\Saucedemo-RobotFramework\TestCases\saucedemo.robot">
<test id="s1-t1" name="Test Checkout">
<kw name="Prepare Browser">
<kw name="Open Browser" library="SeleniumLibrary">
<doc>Opens a new browser instance to the optional ``url``.</doc>
<arguments>
<arg>${URL}</arg>
<arg>${BROWSER}</arg>
<arg>executable_path=${DRIVER}</arg>
</arguments>
<msg timestamp="20230306 12:40:16.285" level="INFO">Opening browser 'Chrome' to base url 'https://www.saucedemo.com/'.</msg>
<status status="PASS" starttime="20230306 12:40:16.285" endtime="20230306 12:40:17.742"></status>
</kw>
<kw name="Maximize Browser Window" library="SeleniumLibrary">
<doc>Maximizes current browser window.</doc>
<status status="PASS" starttime="20230306 12:40:17.743" endtime="20230306 12:40:17.859"></status>
</kw>
<kw name="Set Selenium Speed" library="SeleniumLibrary">
<doc>Sets the delay that is waited after each Selenium command.</doc>
<arguments>
<arg>${DELAY}</arg>
</arguments>
<status status="PASS" starttime="20230306 12:40:17.859" endtime="20230306 12:40:17.859"></status>
</kw>
<status status="PASS" starttime="20230306 12:40:16.285" endtime="20230306 12:40:17.859"></status>
</kw>
<kw name="Login">
<arguments>
<arg>standard_user</arg>
<arg>secret_sauce</arg>
</arguments>
<kw name="Input Text" library="SeleniumLibrary">
<doc>Types the given ``text`` into the text field identified by ``locator``.</doc>
<arguments>
<arg>id=user-name</arg>
<arg>${user}</arg>
</arguments>
<msg timestamp="20230306 12:40:17.860" level="INFO">Typing text 'standard_user' into text field 'id=user-name'.</msg>
<status status="PASS" starttime="20230306 12:40:17.860" endtime="20230306 12:40:17.918"></status>
</kw>
<kw name="Input Text" library="SeleniumLibrary">
<doc>Types the given ``text`` into the text field identified by ``locator``.</doc>
<arguments>
<arg>id=password</arg>
<arg>${password}</arg>
</arguments>
<msg timestamp="20230306 12:40:17.918" level="INFO">Typing text 'secret_sauce' into text field 'id=password'.</msg>
<status status="PASS" starttime="20230306 12:40:17.918" endtime="20230306 12:40:17.965"></status>
</kw>
<kw name="Click Button" library="SeleniumLibrary">
<doc>Clicks the button identified by ``locator``.</doc>
<arguments>
<arg>xpath://*[@id="login-button"]</arg>
</arguments>
<msg timestamp="20230306 12:40:17.965" level="INFO">Clicking button 'xpath://*[@id="login-button"]'.</msg>
<status status="PASS" starttime="20230306 12:40:17.965" endtime="20230306 12:40:18.019"></status>
</kw>
<status status="PASS" starttime="20230306 12:40:17.860" endtime="20230306 12:40:18.019"></status>
</kw>
<kw name="Add To Cart">
<arguments>
<arg>Backpack</arg>
</arguments>
<kw name="Click Button" library="SeleniumLibrary">
<doc>Clicks the button identified by ``locator``.</doc>
<arguments>
<arg>xpath://*[@id="add-to-cart-sauce-labs-backpack"]</arg>
</arguments>
<msg timestamp="20230306 12:40:18.020" level="INFO">Clicking button 'xpath://*[@id="add-to-cart-sauce-labs-backpack"]'.</msg>
<status status="PASS" starttime="20230306 12:40:18.020" endtime="20230306 12:40:18.059"></status>
</kw>
<status status="PASS" starttime="20230306 12:40:18.020" endtime="20230306 12:40:18.059"></status>
</kw>
<kw name="Wait Until Page Contains Element" library="SeleniumLibrary">
<doc>Waits until the element ``locator`` appears on the current page.</doc>
<arguments>
<arg>xpath://*[@id="shopping_cart_container"]/a</arg>
</arguments>
<status status="PASS" starttime="20230306 12:40:18.059" endtime="20230306 12:40:18.065"></status>
</kw>
<kw name="Click Element" library="SeleniumLibrary">
<doc>Click the element identified by ``locator``.</doc>
<arguments>
<arg>xpath://*[@id="shopping_cart_container"]/a</arg>
</arguments>
<msg timestamp="20230306 12:40:18.065" level="INFO">Clicking element 'xpath://*[@id="shopping_cart_container"]/a'.</msg>
<status status="PASS" starttime="20230306 12:40:18.065" endtime="20230306 12:40:18.092"></status>
</kw>
<kw name="Click Element" library="SeleniumLibrary">
<doc>Click the element identified by ``locator``.</doc>
<arguments>
<arg>xpath://*[@id="checkout"]</arg>
</arguments>
<msg timestamp="20230306 12:40:18.092" level="INFO">Clicking element 'xpath://*[@id="checkout"]'.</msg>
<status status="PASS" starttime="20230306 12:40:18.092" endtime="20230306 12:40:18.119"></status>
</kw>
<kw name="Your Information">
<arguments>
<arg>Jaska</arg>
<arg>Jokunen</arg>
<arg>33500</arg>
</arguments>
<kw name="Input Text" library="SeleniumLibrary">
<doc>Types the given ``text`` into the text field identified by ``locator``.</doc>
<arguments>
<arg>id=first-name</arg>
<arg>${first_name}</arg>
</arguments>
<msg timestamp="20230306 12:40:18.120" level="INFO">Typing text 'Jaska' into text field 'id=first-name'.</msg>
<status status="PASS" starttime="20230306 12:40:18.120" endtime="20230306 12:40:18.168"></status>
</kw>
<kw name="Input Text" library="SeleniumLibrary">
<doc>Types the given ``text`` into the text field identified by ``locator``.</doc>
<arguments>
<arg>id=last-name</arg>
<arg>${last_name}</arg>
</arguments>
<msg timestamp="20230306 12:40:18.169" level="INFO">Typing text 'Jokunen' into text field 'id=last-name'.</msg>
<status status="PASS" starttime="20230306 12:40:18.168" endtime="20230306 12:40:18.220"></status>
</kw>
<kw name="Input Text" library="SeleniumLibrary">
<doc>Types the given ``text`` into the text field identified by ``locator``.</doc>
<arguments>
<arg>id=postal-code</arg>
<arg>${zip_code}</arg>
</arguments>
<msg timestamp="20230306 12:40:18.221" level="INFO">Typing text '33500' into text field 'id=postal-code'.</msg>
<status status="PASS" starttime="20230306 12:40:18.220" endtime="20230306 12:40:18.265"></status>
</kw>
<kw name="Click Element" library="SeleniumLibrary">
<doc>Click the element identified by ``locator``.</doc>
<arguments>
<arg>xpath://*[@id="continue"]</arg>
</arguments>
<msg timestamp="20230306 12:40:18.267" level="INFO">Clicking element 'xpath://*[@id="continue"]'.</msg>
<status status="PASS" starttime="20230306 12:40:18.265" endtime="20230306 12:40:18.301"></status>
</kw>
<status status="PASS" starttime="20230306 12:40:18.120" endtime="20230306 12:40:18.301"></status>
</kw>
<kw name="Click Element" library="SeleniumLibrary">
<doc>Click the element identified by ``locator``.</doc>
<arguments>
<arg>xpath://*[@id="finish"]</arg>
</arguments>
<msg timestamp="20230306 12:40:18.301" level="INFO">Clicking element 'xpath://*[@id="finish"]'.</msg>
<status status="PASS" starttime="20230306 12:40:18.301" endtime="20230306 12:40:18.329"></status>
</kw>
<kw name="Click Button" library="SeleniumLibrary">
<doc>Clicks the button identified by ``locator``.</doc>
<arguments>
<arg>xpath://*[@id="back-to-products"]</arg>
</arguments>
<msg timestamp="20230306 12:40:18.329" level="INFO">Clicking button 'xpath://*[@id="back-to-products"]'.</msg>
<status status="PASS" starttime="20230306 12:40:18.329" endtime="20230306 12:40:18.369"></status>
</kw>
<kw name="Logout">
<kw name="Click Button" library="SeleniumLibrary">
<doc>Clicks the button identified by ``locator``.</doc>
<arguments>
<arg>xpath://*[@id="react-burger-menu-btn"]</arg>
</arguments>
<msg timestamp="20230306 12:40:18.370" level="INFO">Clicking button 'xpath://*[@id="react-burger-menu-btn"]'.</msg>
<status status="PASS" starttime="20230306 12:40:18.370" endtime="20230306 12:40:18.404"></status>
</kw>
<kw name="Sleep" library="BuiltIn">
<doc>Pauses the test executed for the given time.</doc>
<arguments>
<arg>1s</arg>
</arguments>
<msg timestamp="20230306 12:40:19.405" level="INFO">Slept 1 second</msg>
<status status="PASS" starttime="20230306 12:40:18.404" endtime="20230306 12:40:19.405"></status>
</kw>
<kw name="Click Link" library="SeleniumLibrary">
<doc>Clicks a link identified by ``locator``.</doc>
<arguments>
<arg>xpath://*[@id="logout_sidebar_link"]</arg>
</arguments>
<msg timestamp="20230306 12:40:19.405" level="INFO">Clicking link 'xpath://*[@id="logout_sidebar_link"]'.</msg>
<status status="PASS" starttime="20230306 12:40:19.405" endtime="20230306 12:40:19.433"></status>
</kw>
<status status="PASS" starttime="20230306 12:40:18.370" endtime="20230306 12:40:19.433"></status>
</kw>
<kw name="Close Browser" library="SeleniumLibrary">
<doc>Closes the current browser.</doc>
<status status="PASS" starttime="20230306 12:40:19.434" endtime="20230306 12:40:21.522"></status>
</kw>
<status status="PASS" starttime="20230306 12:40:16.285" endtime="20230306 12:40:21.522" critical="yes"></status>
</test>
<status status="PASS" starttime="20230306 12:40:16.138" endtime="20230306 12:40:21.523"></status>
</suite>
<statistics>
<total>
<stat pass="1" fail="0">Critical Tests</stat>
<stat pass="1" fail="0">All Tests</stat>
</total>
<tag>
</tag>
<suite>
<stat pass="1" fail="0" id="s1" name="Saucedemo">Saucedemo</stat>
</suite>
</statistics>
<errors>
</errors>
</robot>
